<?xml version="1.0" encoding="UTF-8"?>
<testng-results skipped="0" failed="1" ignored="0" total="2" passed="1">
  <reporter-output>
  </reporter-output>
  <suite name="Suite" duration-ms="34890" started-at="2022-08-17T19:26:32 IST" finished-at="2022-08-17T19:27:07 IST">
    <groups>
    </groups>
    <test name="Test" duration-ms="34890" started-at="2022-08-17T19:26:32 IST" finished-at="2022-08-17T19:27:07 IST">
      <class name="test.LoginTest">
        <test-method status="PASS" signature="setUp(java.lang.String)[pri:0, instance:test.LoginTest@60dcc9fe]" name="setUp" is-config="true" duration-ms="9245" started-at="2022-08-17T19:26:32 IST" finished-at="2022-08-17T19:26:41 IST">
          <params>
            <param index="0">
              <value>
                <![CDATA[chrome]]>
              </value>
            </param>
          </params>
          <reporter-output>
          </reporter-output>
        </test-method> <!-- setUp -->
        <test-method status="PASS" signature="loginTest()[pri:0, instance:test.LoginTest@60dcc9fe]" name="loginTest" duration-ms="3104" started-at="2022-08-17T19:26:41 IST" finished-at="2022-08-17T19:26:44 IST">
          <reporter-output>
          </reporter-output>
        </test-method> <!-- loginTest -->
        <test-method status="PASS" signature="tearDown()[pri:0, instance:test.LoginTest@60dcc9fe]" name="tearDown" is-config="true" duration-ms="1232" started-at="2022-08-17T19:26:44 IST" finished-at="2022-08-17T19:26:46 IST">
          <reporter-output>
          </reporter-output>
        </test-method> <!-- tearDown -->
      </class> <!-- test.LoginTest -->
      <class name="test.TopOffersTest">
        <test-method status="PASS" signature="setUp(java.lang.String)[pri:0, instance:test.TopOffersTest@12d4bf7e]" name="setUp" is-config="true" duration-ms="4713" started-at="2022-08-17T19:26:46 IST" finished-at="2022-08-17T19:26:50 IST">
          <params>
            <param index="0">
              <value>
                <![CDATA[chrome]]>
              </value>
            </param>
          </params>
          <reporter-output>
          </reporter-output>
        </test-method> <!-- setUp -->
        <test-method status="FAIL" signature="topOffers()[pri:0, instance:test.TopOffersTest@12d4bf7e]" name="topOffers" duration-ms="15086" started-at="2022-08-17T19:26:50 IST" finished-at="2022-08-17T19:27:06 IST">
          <exception class="org.openqa.selenium.TimeoutException">
            <message>
              <![CDATA[Expected condition failed: waiting for visibility of element located by By.xpath: (//div[contains(.,'Rakhi Sets')])[13] (tried for 10 second(s) with 3000 milliseconds interval)
Build info: version: '4.1.3', revision: '7b1ebf28ef'
System info: host: 'DESKTOP-19NCAKV', ip: '192.168.56.1', os.name: 'Windows 10', os.arch: 'amd64', os.version: '10.0', java.version: '1.8.0_271'
Driver info: driver.version: unknown]]>
            </message>
            <full-stacktrace>
              <![CDATA[org.openqa.selenium.TimeoutException: Expected condition failed: waiting for visibility of element located by By.xpath: (//div[contains(.,'Rakhi Sets')])[13] (tried for 10 second(s) with 3000 milliseconds interval)
Build info: version: '4.1.3', revision: '7b1ebf28ef'
System info: host: 'DESKTOP-19NCAKV', ip: '192.168.56.1', os.name: 'Windows 10', os.arch: 'amd64', os.version: '10.0', java.version: '1.8.0_271'
Driver info: driver.version: unknown
at org.openqa.selenium.support.ui.FluentWait.timeoutException(FluentWait.java:263)
at org.openqa.selenium.support.ui.FluentWait.until(FluentWait.java:231)
at test.BaseClass.click(BaseClass.java:90)
at test.TopOffersTest.topOffers(TopOffersTest.java:20)
at sun.reflect.NativeMethodAccessorImpl.invoke0(Native Method)
at sun.reflect.NativeMethodAccessorImpl.invoke(NativeMethodAccessorImpl.java:62)
at sun.reflect.DelegatingMethodAccessorImpl.invoke(DelegatingMethodAccessorImpl.java:43)
at java.lang.reflect.Method.invoke(Method.java:498)
at org.testng.internal.invokers.MethodInvocationHelper.invokeMethod(MethodInvocationHelper.java:135)
at org.testng.internal.invokers.TestInvoker.invokeMethod(TestInvoker.java:673)
at org.testng.internal.invokers.TestInvoker.invokeTestMethod(TestInvoker.java:220)
at org.testng.internal.invokers.MethodRunner.runInSequence(MethodRunner.java:50)
at org.testng.internal.invokers.TestInvoker$MethodInvocationAgent.invoke(TestInvoker.java:945)
at org.testng.internal.invokers.TestInvoker.invokeTestMethods(TestInvoker.java:193)
at org.testng.internal.invokers.TestMethodWorker.invokeTestMethods(TestMethodWorker.java:146)
at org.testng.internal.invokers.TestMethodWorker.run(TestMethodWorker.java:128)
at java.util.ArrayList.forEach(ArrayList.java:1259)
at org.testng.TestRunner.privateRun(TestRunner.java:808)
at org.testng.TestRunner.run(TestRunner.java:603)
at org.testng.SuiteRunner.runTest(SuiteRunner.java:429)
at org.testng.SuiteRunner.runSequentially(SuiteRunner.java:423)
at org.testng.SuiteRunner.privateRun(SuiteRunner.java:383)
at org.testng.SuiteRunner.run(SuiteRunner.java:326)
at org.testng.SuiteRunnerWorker.runSuite(SuiteRunnerWorker.java:52)
at org.testng.SuiteRunnerWorker.run(SuiteRunnerWorker.java:95)
at org.testng.TestNG.runSuitesSequentially(TestNG.java:1249)
at org.testng.TestNG.runSuitesLocally(TestNG.java:1169)
at org.testng.TestNG.runSuites(TestNG.java:1092)
at org.testng.TestNG.run(TestNG.java:1060)
at org.testng.remote.AbstractRemoteTestNG.run(AbstractRemoteTestNG.java:115)
at org.testng.remote.RemoteTestNG.initAndRun(RemoteTestNG.java:251)
at org.testng.remote.RemoteTestNG.main(RemoteTestNG.java:77)
]]>
            </full-stacktrace>
          </exception> <!-- org.openqa.selenium.TimeoutException -->
          <reporter-output>
          </reporter-output>
        </test-method> <!-- topOffers -->
        <test-method status="PASS" signature="tearDown()[pri:0, instance:test.TopOffersTest@12d4bf7e]" name="tearDown" is-config="true" duration-ms="1054" started-at="2022-08-17T19:27:06 IST" finished-at="2022-08-17T19:27:07 IST">
          <reporter-output>
          </reporter-output>
        </test-method> <!-- tearDown -->
      </class> <!-- test.TopOffersTest -->
    </test> <!-- Test -->
  </suite> <!-- Suite -->
</testng-results>
